<?xml version="1.0" encoding="UTF-8"?>
<!-- Generated by org.testng.reporters.JUnitXMLReporter -->
<testsuite ignored="0" hostname="Chandana" failures="1" tests="3" name="Error Validations Test" time="11.487" errors="0" timestamp="2025-05-21T22:39:46 IST">
  <testcase classname="SeleniumFramework.Design.ErrorValidationsTest" name="LoginErrorValidation" time="0.516">
    <skipped/>
  </testcase> <!-- LoginErrorValidation -->
  <testcase classname="SeleniumFramework.Design.ErrorValidationsTest" name="LoginErrorValidation" time="0.433">
    <failure type="java.lang.AssertionError" message="expected [Incorrect email or password.] but found [Incorrect email  password.]">
      <![CDATA[java.lang.AssertionError: expected [Incorrect email or password.] but found [Incorrect email  password.]
at SeleniumFramework.Design.ErrorValidationsTest.LoginErrorValidation(ErrorValidationsTest.java:24)
at java.base/java.util.ArrayList.forEach(ArrayList.java:1596)
... Removed 31 stack frames]]>
    </failure>
  </testcase> <!-- LoginErrorValidation -->
  <testcase classname="SeleniumFramework.Design.ErrorValidationsTest" name="ProductErrorValidation" time="2.237"/>
</testsuite> <!-- Error Validations Test -->
