<?xml version="1.0" encoding="UTF-8"?>
<!-- Generated by org.testng.reporters.JUnitXMLReporter -->
<testsuite ignored="0" hostname="Chandana" failures="0" tests="3" name="Submit Order Test" time="18.925" errors="0" timestamp="2025-05-21T22:39:35 IST">
  <testcase classname="SeleniumFramework.Design.SubmitOrderTest" name="submitOrder" time="3.319"/>
  <testcase classname="SeleniumFramework.Design.SubmitOrderTest" name="submitOrder" time="3.406"/>
  <testcase classname="SeleniumFramework.Design.SubmitOrderTest" name="OrderHistoryPage" time="0.764"/>
</testsuite> <!-- Submit Order Test -->
