<?xml version="1.0" encoding="UTF-8"?>
<!-- Generated by org.testng.reporters.JUnitXMLReporter -->
<testsuite ignored="0" hostname="Chandana" failures="0" tests="3" name="Default test" time="17.101" errors="0" timestamp="2025-05-15T12:43:31 IST">
  <testcase classname="SeleniumFramework.Design.SubmitOrderTest" name="submitOrder" time="3.342"/>
  <testcase classname="SeleniumFramework.Design.SubmitOrderTest" name="submitOrder" time="3.313"/>
  <testcase classname="SeleniumFramework.Design.SubmitOrderTest" name="OrderHistoryPage" time="0.771"/>
</testsuite> <!-- Default test -->
