<?xml version="1.0" encoding="UTF-8"?>
<!-- Generated by org.testng.reporters.JUnitXMLReporter -->
<testsuite ignored="0" hostname="Chandana" failures="0" tests="3" name="Default test" time="0.058" errors="0" timestamp="2025-05-07T23:10:52 IST">
  <testcase classname="TestSel.ArrayTest" name="testCaseData" time="0.013"/>
  <testcase classname="TestSel.ArrayTest" name="testCaseData" time="0.001"/>
  <testcase classname="TestSel.ArrayTest" name="testCaseData" time="0.001"/>
</testsuite> <!-- Default test -->
