<?xml version="1.0" encoding="UTF-8"?>
<testng-results ignored="0" total="3" passed="3" failed="0" skipped="0">
  <reporter-output>
  </reporter-output>
  <suite started-at="2025-05-15T12:43:14 IST" name="Default suite" finished-at="2025-05-15T12:43:31 IST" duration-ms="17101">
    <groups>
      <group name="Purchase">
        <method signature="SubmitOrderTest.submitOrder(java.lang.String,java.lang.String,java.lang.String)[pri:0, instance:SeleniumFramework.Design.SubmitOrderTest@682b2fa]" name="submitOrder" class="SeleniumFramework.Design.SubmitOrderTest"/>
      </group> <!-- Purchase -->
    </groups>
    <test started-at="2025-05-15T12:43:14 IST" name="Default test" finished-at="2025-05-15T12:43:31 IST" duration-ms="17101">
      <class name="SeleniumFramework.Design.SubmitOrderTest">
        <test-method is-config="true" signature="launchApplication()[pri:0, instance:SeleniumFramework.Design.SubmitOrderTest@682b2fa]" started-at="2025-05-15T12:43:14 IST" name="launchApplication" finished-at="2025-05-15T12:43:18 IST" duration-ms="4070" status="PASS">
          <reporter-output>
          </reporter-output>
        </test-method> <!-- launchApplication -->
        <test-method signature="submitOrder(java.lang.String,java.lang.String,java.lang.String)[pri:0, instance:SeleniumFramework.Design.SubmitOrderTest@682b2fa]" started-at="2025-05-15T12:43:18 IST" name="submitOrder" data-provider="getData" finished-at="2025-05-15T12:43:22 IST" duration-ms="3342" status="PASS">
          <params>
            <param index="0">
              <value>
                <![CDATA[xyz6715@gmail.com]]>
              </value>
            </param>
            <param index="1">
              <value>
                <![CDATA[Xyz@_12345]]>
              </value>
            </param>
            <param index="2">
              <value>
                <![CDATA[ZARA COAT 3]]>
              </value>
            </param>
          </params>
          <reporter-output>
          </reporter-output>
        </test-method> <!-- submitOrder -->
        <test-method is-config="true" signature="teardown()[pri:0, instance:SeleniumFramework.Design.SubmitOrderTest@682b2fa]" started-at="2025-05-15T12:43:22 IST" name="teardown" finished-at="2025-05-15T12:43:22 IST" duration-ms="147" status="PASS">
          <reporter-output>
          </reporter-output>
        </test-method> <!-- teardown -->
        <test-method is-config="true" signature="launchApplication()[pri:0, instance:SeleniumFramework.Design.SubmitOrderTest@682b2fa]" started-at="2025-05-15T12:43:22 IST" name="launchApplication" finished-at="2025-05-15T12:43:24 IST" duration-ms="1987" status="PASS">
          <reporter-output>
          </reporter-output>
        </test-method> <!-- launchApplication -->
        <test-method signature="submitOrder(java.lang.String,java.lang.String,java.lang.String)[pri:0, instance:SeleniumFramework.Design.SubmitOrderTest@682b2fa]" started-at="2025-05-15T12:43:24 IST" name="submitOrder" data-provider="getData" finished-at="2025-05-15T12:43:27 IST" duration-ms="3313" status="PASS">
          <params>
            <param index="0">
              <value>
                <![CDATA[abcrio@gmail.com]]>
              </value>
            </param>
            <param index="1">
              <value>
                <![CDATA[Abc@_12345]]>
              </value>
            </param>
            <param index="2">
              <value>
                <![CDATA[ADIDAS ORIGINAL]]>
              </value>
            </param>
          </params>
          <reporter-output>
          </reporter-output>
        </test-method> <!-- submitOrder -->
        <test-method is-config="true" signature="teardown()[pri:0, instance:SeleniumFramework.Design.SubmitOrderTest@682b2fa]" started-at="2025-05-15T12:43:27 IST" name="teardown" finished-at="2025-05-15T12:43:27 IST" duration-ms="168" status="PASS">
          <reporter-output>
          </reporter-output>
        </test-method> <!-- teardown -->
        <test-method is-config="true" signature="launchApplication()[pri:0, instance:SeleniumFramework.Design.SubmitOrderTest@682b2fa]" started-at="2025-05-15T12:43:27 IST" name="launchApplication" finished-at="2025-05-15T12:43:30 IST" duration-ms="2986" status="PASS">
          <reporter-output>
          </reporter-output>
        </test-method> <!-- launchApplication -->
        <test-method signature="OrderHistoryPage()[pri:0, instance:SeleniumFramework.Design.SubmitOrderTest@682b2fa]" started-at="2025-05-15T12:43:30 IST" name="OrderHistoryPage" finished-at="2025-05-15T12:43:31 IST" depends-on-methods="SeleniumFramework.Design.SubmitOrderTest.submitOrder" duration-ms="771" status="PASS">
          <reporter-output>
          </reporter-output>
        </test-method> <!-- OrderHistoryPage -->
        <test-method is-config="true" signature="teardown()[pri:0, instance:SeleniumFramework.Design.SubmitOrderTest@682b2fa]" started-at="2025-05-15T12:43:31 IST" name="teardown" finished-at="2025-05-15T12:43:31 IST" duration-ms="232" status="PASS">
          <reporter-output>
          </reporter-output>
        </test-method> <!-- teardown -->
      </class> <!-- SeleniumFramework.Design.SubmitOrderTest -->
    </test> <!-- Default test -->
  </suite> <!-- Default suite -->
</testng-results>
